
> myportfolio@0.1.0 build
> next build

   Γû▓ Next.js 15.3.1

   Creating an optimized production build ...
node.exe : <w> [webpack.cache
.PackFileCacheStrategy] 
Skipped not serializable 
cache item 'Compilation/modul
es|C:\Users\velic\OneDrive\De
sktop\my_projects\myportfolio
\node_modules\next\dist\build
\webpack\loaders\css-loader\s
rc\index.js??ruleSet[1].rules
[13].oneOf[10].use[2]!C:\User
s\velic\OneDrive\Desktop\my_p
rojects\myportfolio\node_modu
les\next\dist\build\webpack\l
oaders\postcss-loader\src\ind
ex.js??ruleSet[1].rules[13].o
neOf[10].use[3]!C:\Users\veli
c\OneDrive\Desktop\my_project
s\myportfolio\app\globals.css
': No serializer registered 
for PostCSSSyntaxError
At C:\Program 
Files\nodejs\npm.ps1:29 
char:3
+   & $NODE_EXE $NPM_CLI_JS 
$args
+   
~~~~~~~~~~~~~~~~~~~~~~~~~~~~~
    + CategoryInfo           
   : NotSpecified: (<w> [we  
  bpack.ca...tCSSSyntaxErr   
 or:String) [], RemoteExc    
eption
    + FullyQualifiedErrorId  
   : NativeCommandError
 
<w> while serializing webpack
/lib/cache/PackFileCacheStrat
egy.PackContentItems -> 
webpack/lib/NormalModule -> 
webpack/lib/ModuleBuildError 
-> PostCSSSyntaxError
Failed to compile.

./app/globals.css:3:1
Syntax error: C:\Users\velic\
OneDrive\Desktop\my_projects\
myportfolio\app\globals.css 
The `outline-ring/50` class 
does not exist. If 
`outline-ring/50` is a 
custom class, make sure it 
is defined within a `@layer` 
directive.

 [90m 1 | 
[39m[36m@import[39m [32m"
tw-animate-css"[39m[33m;[3
9m
 [90m 2 | 
[39m[36m@import[39m [32m"
shadcn/tailwind.css"[39m[33
m;[39m
[1m[31m>[39m[22m[90m 3 
| [39m[36m@tailwind[39m 
base[33m;[39m
 [90m   | 
[39m[1m[31m^[39m[22m
 [90m 4 | 
[39m[36m@tailwind[39m 
components[33m;[39m
 [90m 5 | 
[39m[36m@tailwind[39m 
utilities[33m;[39m

./app/globals.css
Syntax error: C:\Users\velic\
OneDrive\Desktop\my_projects\
myportfolio\app\globals.css 
The `outline-ring/50` class 
does not exist. If 
`outline-ring/50` is a 
custom class, make sure it 
is defined within a `@layer` 
directive. (3:1)

 [90m 1 | 
[39m[36m@import[39m [32m"
tw-animate-css"[39m[33m;[3
9m
 [90m 2 | 
[39m[36m@import[39m [32m"
shadcn/tailwind.css"[39m[33
m;[39m
[1m[31m>[39m[22m[90m 3 
| [39m[36m@tailwind[39m 
base[33m;[39m
 [90m   | 
[39m[1m[31m^[39m[22m
 [90m 4 | 
[39m[36m@tailwind[39m 
components[33m;[39m
 [90m 5 | 
[39m[36m@tailwind[39m 
utilities[33m;[39m

    at tryRunOrWebpackError (
C:\Users\velic\OneDrive\Deskt
op\my_projects\myportfolio\no
de_modules\next\dist\compiled
\webpack\bundle5.js:29:316142
)
    at 
__webpack_require_module__ (C
:\Users\velic\OneDrive\Deskto
p\my_projects\myportfolio\nod
e_modules\next\dist\compiled\
webpack\bundle5.js:29:131548)
    at __nested_webpack_requi
re_161494__ (C:\Users\velic\O
neDrive\Desktop\my_projects\m
yportfolio\node_modules\next\
dist\compiled\webpack\bundle5
.js:29:130983)
    at C:\Users\velic\OneDriv
e\Desktop\my_projects\myportf
olio\node_modules\next\dist\c
ompiled\webpack\bundle5.js:29
:131840
    at symbolIterator (C:\Use
rs\velic\OneDrive\Desktop\my_
projects\myportfolio\node_mod
ules\next\dist\compiled\neo-a
sync\async.js:1:14444)
    at done (C:\Users\velic\O
neDrive\Desktop\my_projects\m
yportfolio\node_modules\next\
dist\compiled\neo-async\async
.js:1:14824)
    at Hook.eval [as 
callAsync] (eval at create (C
:\Users\velic\OneDrive\Deskto
p\my_projects\myportfolio\nod
e_modules\next\dist\compiled\
webpack\bundle5.js:14:9224), 
<anonymous>:15:1)
    at 
Hook.CALL_ASYNC_DELEGATE [as 
_callAsync] (C:\Users\velic\O
neDrive\Desktop\my_projects\m
yportfolio\node_modules\next\
dist\compiled\webpack\bundle5
.js:14:6378)
    at C:\Users\velic\OneDriv
e\Desktop\my_projects\myportf
olio\node_modules\next\dist\c
ompiled\webpack\bundle5.js:29
:130703
    at symbolIterator (C:\Use
rs\velic\OneDrive\Desktop\my_
projects\myportfolio\node_mod
ules\next\dist\compiled\neo-a
sync\async.js:1:14402)
-- inner error --
Syntax error: C:\Users\velic\
OneDrive\Desktop\my_projects\
myportfolio\app\globals.css 
The `outline-ring/50` class 
does not exist. If 
`outline-ring/50` is a 
custom class, make sure it 
is defined within a `@layer` 
directive. (3:1)

 [90m 1 | 
[39m[36m@import[39m [32m"
tw-animate-css"[39m[33m;[3
9m
 [90m 2 | 
[39m[36m@import[39m [32m"
shadcn/tailwind.css"[39m[33
m;[39m
[1m[31m>[39m[22m[90m 3 
| [39m[36m@tailwind[39m 
base[33m;[39m
 [90m   | 
[39m[1m[31m^[39m[22m
 [90m 4 | 
[39m[36m@tailwind[39m 
components[33m;[39m
 [90m 5 | 
[39m[36m@tailwind[39m 
utilities[33m;[39m

    at Object.<anonymous> (C:
\Users\velic\OneDrive\Desktop
\my_projects\myportfolio\node
_modules\next\dist\build\webp
ack\loaders\css-loader\src\in
dex.js??ruleSet[1].rules[13].
oneOf[10].use[2]!C:\Users\vel
ic\OneDrive\Desktop\my_projec
ts\myportfolio\node_modules\n
ext\dist\build\webpack\loader
s\postcss-loader\src\index.js
??ruleSet[1].rules[13].oneOf[
10].use[3]!C:\Users\velic\One
Drive\Desktop\my_projects\myp
ortfolio\app\globals.css:1:7)
    at C:\Users\velic\OneDriv
e\Desktop\my_projects\myportf
olio\node_modules\next\dist\c
ompiled\webpack\bundle5.js:29
:962742
    at Hook.eval [as call] 
(eval at create (C:\Users\vel
ic\OneDrive\Desktop\my_projec
ts\myportfolio\node_modules\n
ext\dist\compiled\webpack\bun
dle5.js:14:9002), 
<anonymous>:7:1)
    at Hook.CALL_DELEGATE 
[as _call] (C:\Users\velic\On
eDrive\Desktop\my_projects\my
portfolio\node_modules\next\d
ist\compiled\webpack\bundle5.
js:14:6272)
    at C:\Users\velic\OneDriv
e\Desktop\my_projects\myportf
olio\node_modules\next\dist\c
ompiled\webpack\bundle5.js:29
:131581
    at tryRunOrWebpackError (
C:\Users\velic\OneDrive\Deskt
op\my_projects\myportfolio\no
de_modules\next\dist\compiled
\webpack\bundle5.js:29:316096
)
    at 
__webpack_require_module__ (C
:\Users\velic\OneDrive\Deskto
p\my_projects\myportfolio\nod
e_modules\next\dist\compiled\
webpack\bundle5.js:29:131548)
    at __nested_webpack_requi
re_161494__ (C:\Users\velic\O
neDrive\Desktop\my_projects\m
yportfolio\node_modules\next\
dist\compiled\webpack\bundle5
.js:29:130983)
    at C:\Users\velic\OneDriv
e\Desktop\my_projects\myportf
olio\node_modules\next\dist\c
ompiled\webpack\bundle5.js:29
:131840
    at symbolIterator (C:\Use
rs\velic\OneDrive\Desktop\my_
projects\myportfolio\node_mod
ules\next\dist\compiled\neo-a
sync\async.js:1:14444)

Generated code for C:\Users\v
elic\OneDrive\Desktop\my_proj
ects\myportfolio\node_modules
\next\dist\build\webpack\load
ers\css-loader\src\index.js??
ruleSet[1].rules[13].oneOf[10
].use[2]!C:\Users\velic\OneDr
ive\Desktop\my_projects\mypor
tfolio\node_modules\next\dist
\build\webpack\loaders\postcs
s-loader\src\index.js??ruleSe
t[1].rules[13].oneOf[10].use[
3]!C:\Users\velic\OneDrive\De
sktop\my_projects\myportfolio
\app\globals.css

Import trace for requested 
module:
./app/globals.css


> Build failed because of 
webpack errors
